<?xml version="1.0" encoding="UTF-8"?>
<testsuite name="uz.pdp.eurekaserver.EurekaServerApplicationTests" tests="1" skipped="0" failures="0" errors="0" timestamp="2025-02-07T15:37:11" hostname="Dostonbeks-MacBook-Pro.local" time="0.713">
  <properties/>
  <testcase name="contextLoads()" classname="uz.pdp.eurekaserver.EurekaServerApplicationTests" time="0.713"/>
  <system-out><![CDATA[20:37:08.596 [Test worker] INFO org.springframework.test.context.support.AnnotationConfigContextLoaderUtils -- Could not detect default configuration classes for test class [uz.pdp.eurekaserver.EurekaServerApplicationTests]: EurekaServerApplicationTests does not declare any static, non-private, non-final, nested classes annotated with @Configuration.
20:37:08.681 [Test worker] INFO org.springframework.boot.test.context.SpringBootTestContextBootstrapper -- Found @SpringBootConfiguration uz.pdp.eurekaserver.EurekaServerApplication for test class uz.pdp.eurekaserver.EurekaServerApplicationTests

  .   ____          _            __ _ _
 /\\ / ___'_ __ _ _(_)_ __  __ _ \ \ \ \
( ( )\___ | '_ | '_| | '_ \/ _` | \ \ \ \
 \\/  ___)| |_)| | | | | || (_| |  ) ) ) )
  '  |____| .__|_| |_|_| |_\__, | / / / /
 =========|_|==============|___/=/_/_/_/

 :: Spring Boot ::                (v3.4.2)

2025-02-07T20:37:09.248+05:00  INFO 78584 --- [    Test worker] u.p.e.EurekaServerApplicationTests       : Starting EurekaServerApplicationTests using Java 17.0.13 with PID 78584 (started by macbookpro in /Users/macbookpro/Downloads/eureka-server)
2025-02-07T20:37:09.249+05:00  INFO 78584 --- [    Test worker] u.p.e.EurekaServerApplicationTests       : No active profile set, falling back to 1 default profile: "default"
2025-02-07T20:37:10.119+05:00  INFO 78584 --- [    Test worker] o.s.cloud.context.scope.GenericScope     : BeanFactory id=0d622983-ad6c-3a3a-b81a-fd7eed1bb79a
2025-02-07T20:37:10.473+05:00  INFO 78584 --- [    Test worker] o.s.v.b.OptionalValidatorFactoryBean     : Failed to set up a Bean Validation provider: jakarta.validation.NoProviderFoundException: Unable to create a Configuration, because no Jakarta Bean Validation provider could be found. Add a provider like Hibernate Validator (RI) to your classpath.
2025-02-07T20:37:11.164+05:00  WARN 78584 --- [    Test worker] iguration$LoadBalancerCaffeineWarnLogger : Spring Cloud LoadBalancer is currently working with the default cache. While this cache implementation is useful for development and tests, it's recommended to use Caffeine cache in production.You can switch to using Caffeine cache, by adding it and org.springframework.cache.caffeine.CaffeineCacheManager to the classpath.
2025-02-07T20:37:11.357+05:00  INFO 78584 --- [    Test worker] o.s.c.n.eureka.InstanceInfoFactory       : Setting initial instance status as: STARTING
2025-02-07T20:37:11.375+05:00  INFO 78584 --- [    Test worker] com.netflix.discovery.DiscoveryClient    : Initializing Eureka in region us-east-1
2025-02-07T20:37:11.377+05:00  INFO 78584 --- [    Test worker] com.netflix.discovery.DiscoveryClient    : Client configured to neither register nor query for data.
2025-02-07T20:37:11.378+05:00  INFO 78584 --- [    Test worker] com.netflix.discovery.DiscoveryClient    : Discovery Client initialized at timestamp 1738942631378 with initial instances count: 0
2025-02-07T20:37:11.417+05:00  INFO 78584 --- [    Test worker] c.n.eureka.DefaultEurekaServerContext    : Initializing ...
2025-02-07T20:37:11.418+05:00  WARN 78584 --- [    Test worker] c.n.eureka.cluster.PeerEurekaNodes       : The replica size seems to be empty. Check the route 53 DNS Registry
2025-02-07T20:37:11.426+05:00  INFO 78584 --- [    Test worker] c.n.e.registry.AbstractInstanceRegistry  : Finished initializing remote region registries. All known remote regions: []
2025-02-07T20:37:11.426+05:00  INFO 78584 --- [    Test worker] c.n.eureka.DefaultEurekaServerContext    : Initialized
2025-02-07T20:37:11.524+05:00  INFO 78584 --- [    Test worker] o.s.b.a.e.web.EndpointLinksResolver      : Exposing 1 endpoint beneath base path '/actuator'
2025-02-07T20:37:11.574+05:00  INFO 78584 --- [    Test worker] o.s.c.n.e.s.EurekaServiceRegistry        : Registering application UNKNOWN with eureka with status UP
2025-02-07T20:37:11.585+05:00  INFO 78584 --- [      Thread-12] o.s.c.n.e.server.EurekaServerBootstrap   : isAws returned false
2025-02-07T20:37:11.585+05:00  INFO 78584 --- [      Thread-12] o.s.c.n.e.server.EurekaServerBootstrap   : Initialized server context
2025-02-07T20:37:11.585+05:00  INFO 78584 --- [      Thread-12] c.n.e.r.PeerAwareInstanceRegistryImpl    : Got 1 instances from neighboring DS node
2025-02-07T20:37:11.586+05:00  INFO 78584 --- [      Thread-12] c.n.e.r.PeerAwareInstanceRegistryImpl    : Renew threshold is: 1
2025-02-07T20:37:11.586+05:00  INFO 78584 --- [      Thread-12] c.n.e.r.PeerAwareInstanceRegistryImpl    : Changing status to UP
2025-02-07T20:37:11.588+05:00  INFO 78584 --- [      Thread-12] e.s.EurekaServerInitializerConfiguration : Started Eureka Server
2025-02-07T20:37:11.593+05:00  INFO 78584 --- [    Test worker] u.p.e.EurekaServerApplicationTests       : Started EurekaServerApplicationTests in 2.629 seconds (process running for 3.692)
]]></system-out>
  <system-err><![CDATA[]]></system-err>
</testsuite>
